<?xml version="1.0" encoding="UTF-8"?>
<!-- Generated by org.testng.reporters.JUnitReportReporter -->
<testsuite hostname="SRAMESHR-70C00" name="demo1.OpenFirefox" tests="1" failures="0" timestamp="7 Aug 2017 05:42:36 GMT" time="14.026" errors="0">
  <testcase name="openFirefox" time="14.026" classname="demo1.OpenFirefox"/>
</testsuite> <!-- demo1.OpenFirefox -->
